bkme.rb: process with pid 45004 started.
[2J[f/Users/bravomartin/WORK/DEV/bkme/bkmebkme.art
                                  ___           ___           ___     
    ___            _____         /__/|         /__/\         /  /\    
   /__/\/\        /  /::\       |  |:|        |  |::\       /  /:/_   
   \__\: /       /  /:/\:\      |  |:|        |  |:|:\     /  /:/ /\  
 __/  /::\/\    /  /:/~/::\   __|  |:|      __|__|:|\:\   /  /:/ /:/_ 
/__/\/:/\::/   /__/:/ /:/\:| /__/\_|:|____ /__/::::| \:\ /__/:/ /:/ /\
 \ \::/ /::\   \  \:\/:/~/:/ \  \:\/:::::/ \  \:\~~\__\/ \  \:\/:/ /:/
 /_/::\/:/\/    \  \::/ /:/   \  \::/~~~~   \  \:\        \  \::/ /:/ 
 \_\/\::/        \  \::/ /     \  \:\        \  \:\        \  \::/:/  
   /_/::\         \  \::/       \  \:\        \  \:\        \  \::/   
   \_\/\/          \__\/         \__\/         \__\/         \__\/    



*********************************************************************
*** Running in safe mode, nothing will be actually stored or sent ***
***         Running a test with test values and keywords          ***
*********************************************************************
Database authenticated successfully
Twitter authenticated successfully
last tweet: @brvmrtn GOT a RIDE at 400 Dekalb Ave, Clinton Hill, NY. That's 3 in a row! http://t.co/VX1vr7zg
Back on track! GET me some cars, amigo...

waiting for a new GET...



new message received from @MurryLaSondra at 06:01PM 01/29/2012
@MurryLaSondra says: "Its my money and i want it now RUDY LOL"
no url, next 
waiting for a new GET...



new message received from @funkebucknor at 06:01PM 01/29/2012
@funkebucknor says: "@YemiKosibah @@YemiKosibah been trying to reach you sir.im in London now. When are you back here"
no url, next 
waiting for a new GET...



new message received from @Roxxie510 at 06:01PM 01/29/2012
@Roxxie510 says: "It's hard out here for a pimp!"
no url, next 
waiting for a new GET...

somewhere else
Could not parse data entirely
restarting the Twitter filter for the 1st time.

waiting for a new GET...



new message received from @liamryan1983 at 06:02PM 01/29/2012
@liamryan1983 says: "@JasonOBeaglaoch @markcurrancavan shown your age now"
no url, next 
waiting for a new GET...



new message received from @fOREVER_ahhGee at 06:03PM 01/29/2012
@fOREVER_ahhGee says: "@ambeeezzy Hahaahaa try the accents maybe it will work for you lol &, awe man I'm probably not even gonna read it now haha"
no url, next 
waiting for a new GET...



new message received from @BatchUK at 06:03PM 01/29/2012
@BatchUK says: "@Mrshredder2 well done matey. Looking forward to watching your vids now. :-)"
no url, next 
waiting for a new GET...



new message received from @LeonoraBaby at 06:03PM 01/29/2012
@LeonoraBaby says: "IM REDII TO GO RIGHT NOW #Bomb"
no url, next 
waiting for a new GET...



new message received from @mollymoor at 06:03PM 01/29/2012
@mollymoor says: "@justindignation @laurapcd1 @twitter Austin has google @ facebook here..wouldn't be surprised if twitter didn't open a branch here!"
no url, next 
waiting for a new GET...



new message received from @Katycake at 06:03PM 01/29/2012
@Katycake says: "@BlakeD07 http://t.co/6cqMTyPp"
url found: pic.twitter.com/6cqMTyPp
geolocation: 52.4815371,-2.03640401
couldn't get address from google
REPLIED: sorry @Katycake, there was a problem processing your address. This doesn't happen often, don't let this stop you from GETTING more RIDES!
db authorized.
RECORD ADDED

waiting for a new GET...



new message received from @TaylerrGangg at 06:03PM 01/29/2012
@TaylerrGangg says: "“@BrBreee: I wanna live in a house like this when I get older & just fix it up, I would love it &lt;33 http://t.co/gEZaM3uH” that's creepy....."
url found: pic.twitter.com/gEZaM3uH
problemas! don't know how to process pic.twitter.com images!
ERROR!!!
geolocation: 35.89793212,-86.41407568
address: 2606 Lancaster Ct, Murfreesboro, US
bkme.rb: process with pid 45044 started.
[2J[f/Users/bravomartin/WORK/DEV/bkme/bkmebkme.art
                                  ___           ___           ___     
    ___            _____         /__/|         /__/\         /  /\    
   /__/\/\        /  /::\       |  |:|        |  |::\       /  /:/_   
   \__\: /       /  /:/\:\      |  |:|        |  |:|:\     /  /:/ /\  
 __/  /::\/\    /  /:/~/::\   __|  |:|      __|__|:|\:\   /  /:/ /:/_ 
/__/\/:/\::/   /__/:/ /:/\:| /__/\_|:|____ /__/::::| \:\ /__/:/ /:/ /\
 \ \::/ /::\   \  \:\/:/~/:/ \  \:\/:::::/ \  \:\~~\__\/ \  \:\/:/ /:/
 /_/::\/:/\/    \  \::/ /:/   \  \::/~~~~   \  \:\        \  \::/ /:/ 
 \_\/\::/        \  \::/ /     \  \:\        \  \:\        \  \::/:/  
   /_/::\         \  \::/       \  \:\        \  \:\        \  \::/   
   \_\/\/          \__\/         \__\/         \__\/         \__\/    



*********************************************************************
*** Running in safe mode, nothing will be actually stored or sent ***
***         Running a test with test values and keywords          ***
*********************************************************************
Database authenticated successfully
Twitter authenticated successfully
last tweet: @brvmrtn GOT a RIDE at 400 Dekalb Ave, Clinton Hill, NY. That's 3 in a row! http://t.co/VX1vr7zg
Back on track! GET me some cars, amigo...

waiting for a new GET...



new message received from @marcthollander at 06:05PM 01/29/2012
@marcthollander says: "Was out cycling 35.50 miles with #Endomondo. See it here: http://t.co/b1fVOigz"
url found: bit.ly/xUWqud
problemas! don't know how to process bit.ly images!
ERROR!!!
geolocation: 41.582231,-93.7623829
address: 4306 Aspen Dr, West Des Moines, IA
REPLIED: @marcthollander GOT a WHIP at 4306 Aspen Dr, West Des Moines, IA. That's 8 RIDES this month! http://BKME.ORG/get/163759452686790657
db authorized.
RECORD ADDED

waiting for a new GET...



new message received from @EmprezzC at 06:05PM 01/29/2012
@EmprezzC says: "@TaKeItOfF4Me dah pic was a good throw back"
no url, next 
waiting for a new GET...

